<?xml version="1.0" encoding="UTF-8"?>
<!-- Generated by org.testng.reporters.JUnitReportReporter -->
<testsuite hostname="DESKTOP-MEL20CT" failures="0" tests="1" name="TestRunner.TestRunnerUnacademy" time="26.032" errors="0" timestamp="06 May 2021 16:20:18 GMT" skipped="0">
  <testcase classname="TestRunner.TestRunnerUnacademy" name="feature" time="26.032"/>
</testsuite> <!-- TestRunner.TestRunnerUnacademy -->
