<?xml version="1.0" encoding="UTF-8"?>
<!-- Generated by org.testng.reporters.JUnitReportReporter -->
<testsuite hostname="DESKTOP-MEL20CT" failures="0" tests="5" name="stepDefinition.LoginInvaid" time="38.908" errors="0" timestamp="05 May 2021 16:00:18 GMT" skipped="0">
  <testcase classname="stepDefinition.LoginInvaid" name="user_is_on_login_page" time="15.371"/>
  <testcase classname="stepDefinition.LoginInvaid" name="user_selects_country_codes" time="2.314"/>
  <testcase classname="stepDefinition.LoginInvaid" name="user_enters_invalid_phone_number" time="21.208"/>
  <testcase classname="stepDefinition.LoginInvaid" name="user_clicks_login_button" time="0.000"/>
  <testcase classname="stepDefinition.LoginInvaid" name="user_get_error_message" time="0.015"/>
</testsuite> <!-- stepDefinition.LoginInvaid -->
