<?xml version="1.0" encoding="UTF-8"?>
<!-- Generated by org.testng.reporters.JUnitReportReporter -->
<testsuite ignored="0" hostname="DESKTOP-MEL20CT" failures="0" tests="4" name="stepDefinition.logingUnacademy" time="13.966" errors="0" timestamp="02 May 2021 16:05:21 GMT" skipped="0">
  <testcase classname="stepDefinition.logingUnacademy" name="openBrowser" time="8.353"/>
  <testcase classname="stepDefinition.logingUnacademy" name="user_clicks_on_login_button" time="2.288"/>
  <testcase classname="stepDefinition.logingUnacademy" name="user_gets_textfield_to_enter_phone_number" time="0.308"/>
  <testcase classname="stepDefinition.logingUnacademy" name="user_is_on_unacademy_home_page" time="3.017"/>
</testsuite> <!-- stepDefinition.logingUnacademy -->
